2025-12-17 13:02:01 | INFO     | 日志文件: C:\VsodeProject\Separator_Crawler_v3\log\20251217_130201_crawler.log
2025-12-17 13:02:13 | INFO     | 任务开始: 4d07550d | URL: https://news.google.com/search?q=Separator&hl=en...
2025-12-17 13:02:21 | DEBUG    | 数据提取: 解析器=google_news, 条目数=100
2025-12-17 13:02:21 | INFO     | 任务开始: 2182a3de | URL: https://www.reuters.com/site-search/?query=battery separator...
2025-12-17 13:02:31 | DEBUG    | 数据提取: 解析器=REUTERS_SEARCH, 条目数=19
2025-12-17 13:02:31 | INFO     | 任务开始: 8ad433d5 | URL: https://www.reuters.com/site-search/?query=separator...
2025-12-17 13:02:42 | DEBUG    | 数据提取: 解析器=REUTERS_SEARCH, 条目数=20
2025-12-17 13:02:42 | INFO     | 任务开始: 224d0f84 | URL: https://www.reuters.com/site-search/?query=battery...
2025-12-17 13:02:52 | DEBUG    | 数据提取: 解析器=REUTERS_SEARCH, 条目数=20
2025-12-17 13:02:52 | INFO     | 任务开始: 69df974e | URL: https://www.reuters.com/site-search/?query=lithium battery...
2025-12-17 13:03:01 | DEBUG    | 数据提取: 解析器=REUTERS_SEARCH, 条目数=20
2025-12-17 13:03:01 | INFO     | 任务开始: 17b9e99d | URL: https://www.reuters.com/site-search/?query=PE separator...
2025-12-17 13:03:11 | DEBUG    | 数据提取: 解析器=REUTERS_SEARCH, 条目数=0
2025-12-17 13:03:11 | INFO     | 任务开始: a665faa7 | URL: https://www.reuters.com/site-search/?query=lithium separator...
2025-12-17 13:03:19 | DEBUG    | 数据提取: 解析器=REUTERS_SEARCH, 条目数=13
2025-12-17 13:03:19 | INFO     | 任务开始: 63f1bb8e | URL: https://www.bing.com/news/search?q=battery separator&qft=sortbydate%3d%221%22&fo...
2025-12-17 13:03:25 | DEBUG    | 数据提取: 解析器=BING_NEWS_SEARCH, 条目数=34
2025-12-17 13:03:25 | INFO     | 任务开始: cdbcafe4 | URL: https://www.bing.com/news/search?q=separator&qft=sortbydate%3d%221%22&form=YFNR...
2025-12-17 13:03:31 | DEBUG    | 数据提取: 解析器=BING_NEWS_SEARCH, 条目数=38
2025-12-17 13:03:31 | INFO     | 任务开始: 90bd369e | URL: https://www.bing.com/news/search?q=battery&qft=sortbydate%3d%221%22&form=YFNR...
2025-12-17 13:03:37 | DEBUG    | 数据提取: 解析器=BING_NEWS_SEARCH, 条目数=40
2025-12-17 13:03:37 | INFO     | 任务开始: 5082de31 | URL: https://www.bing.com/news/search?q=lithium battery&qft=sortbydate%3d%221%22&form...
2025-12-17 13:03:43 | DEBUG    | 数据提取: 解析器=BING_NEWS_SEARCH, 条目数=42
2025-12-17 13:03:43 | INFO     | 任务开始: 0d4d1348 | URL: https://www.bing.com/news/search?q=PE separator&qft=sortbydate%3d%221%22&form=YF...
2025-12-17 13:03:49 | DEBUG    | 数据提取: 解析器=BING_NEWS_SEARCH, 条目数=6
2025-12-17 13:03:49 | INFO     | 任务开始: dbe840f9 | URL: https://www.bing.com/news/search?q=lithium separator&qft=sortbydate%3d%221%22&fo...
2025-12-17 13:03:55 | DEBUG    | 数据提取: 解析器=BING_NEWS_SEARCH, 条目数=36
2025-12-17 13:03:55 | INFO     | 任务开始: ea6a6eae | URL: https://batteriesnews.com/?s=battery separator...
2025-12-17 13:04:04 | DEBUG    | 数据提取: 解析器=BATTERIES_NEWS_SEARCH, 条目数=10
2025-12-17 13:04:04 | INFO     | 任务开始: 877498aa | URL: https://batteriesnews.com/?s=separator...
2025-12-17 13:04:12 | DEBUG    | 数据提取: 解析器=BATTERIES_NEWS_SEARCH, 条目数=10
2025-12-17 13:04:12 | INFO     | 任务开始: e2a5dd68 | URL: https://batteriesnews.com/?s=battery...
2025-12-17 13:04:20 | DEBUG    | 数据提取: 解析器=BATTERIES_NEWS_SEARCH, 条目数=10
2025-12-17 13:04:20 | INFO     | 任务开始: 19c7c9b3 | URL: https://batteriesnews.com/?s=lithium battery...
2025-12-17 13:04:27 | DEBUG    | 数据提取: 解析器=BATTERIES_NEWS_SEARCH, 条目数=10
2025-12-17 13:04:27 | INFO     | 任务开始: 33e50f11 | URL: https://batteriesnews.com/?s=PE separator...
2025-12-17 13:04:35 | DEBUG    | 数据提取: 解析器=BATTERIES_NEWS_SEARCH, 条目数=10
2025-12-17 13:04:35 | INFO     | 任务开始: e4c62f16 | URL: https://batteriesnews.com/?s=lithium separator...
2025-12-17 13:04:47 | DEBUG    | 数据提取: 解析器=BATTERIES_NEWS_SEARCH, 条目数=10
2025-12-17 13:04:47 | INFO     | 任务开始: a4e40a5c | URL: https://www.argusmedia.com/en/news-and-insights/latest-market-news...
2025-12-17 13:04:56 | DEBUG    | 数据提取: 解析器=ARGUS_MEDIA, 条目数=27
2025-12-17 13:04:59 | INFO     | 筛选结果: 475 → 45 (日期>=2025-12-16, 分数>=80)
2025-12-17 13:04:59 | INFO     | 排序完成: 45 → 26
2025-12-17 13:05:52 | INFO     | 翻译完成，输出到: C:\VsodeProject\Separator_Crawler_v3\output\2025-12-17_news.txt
2025-12-17 13:05:52 | INFO     | 爬虫完成: 任务20, 原始475, 筛选45, 输出26
